dddddddaadddd;salrggggggweatherggg
supertyuaagoodweather super
thfjkkkkkkkweatherkkkgfgn fantasy  fantasy 
weather



a1 fantasy
a2 fantasy
B10
B11
ddddddddddd;salrggggggweatherggg
estud
kghblhsuper;h;n
rdyi
supertyu goodweather super
thfjkkkkkkkweatherkkkgfgn fantasy  fantasy 
weather
a1
a1 fantasy
a2
a2 fantasy
aaaaaaaaa123
aaaaaaaaa345aa
adsfdshe212
B10
B10
B11
B11
dddddddaadddd;salrggggggweatherggg
ddddddddddd;salrggggggweatherggg
goodtyu goodweather good
kghblhgood;h;n
kghblhsuper;h;n
supertyuaagoodweather super
thfjkkkkkkkweatherkkkgfgn fantasy  fantasy 
thfjkkkkkkkweatherkkkgfgn fantasy  fantasy 
weather
weather
dddddddaadddd;salrggggggweatherggg
supertyuaagoodweather super
thfjkkkkkkkweatherkkkgfgn fantasy  fantasy 
weather
a1
a1 fantasy
a2
a2 fantasy
aaaaaaaaa123
aaaaaaaaa345aa
adsfdshe212
B10
B10
B11
B11
dddddddaadddd;salrggggggweatherggg
ddddddddddd;salrggggggweatherggg
goodtyu goodweather good
kghblhgood;h;n
kghblhsuper;h;n
supertyuaagoodweather super
thfjkkkkkkkweatherkkkgfgn fantasy  fantasy 
thfjkkkkkkkweatherkkkgfgn fantasy  fantasy 
weather
weather



a1 fantasy
a2 fantasy
B10
B11
ddddddddddd;salrggggggweatherggg
estud
kghblhsuper;h;n
rdyi
supertyu goodweather super
thfjkkkkkkkweatherkkkgfgn fantasy  fantasy 
weather
a1
a1 fantasy
a2
a2 fantasy
aaaaaaaaa123
aaaaaaaaa345aa
adsfdshe212
B10
B10
B11
B11
dddddddaadddd;salrggggggweatherggg
ddddddddddd;salrggggggweatherggg
goodtyu goodweather good
kghblhgood;h;n
kghblhsuper;h;n
supertyuaagoodweather super
thfjkkkkkkkweatherkkkgfgn fantasy  fantasy 
thfjkkkkkkkweatherkkkgfgn fantasy  fantasy 
weather
weather



a1 fantasy
a2 fantasy
B10
B11
ddddddddddd;salrggggggweatherggg
estud
kghblhsuper;h;n
rdyi
supertyu goodweather super
thfjkkkkkkkweatherkkkgfgn fantasy  fantasy 
weather
dddddddaadddd;salrggggggweatherggg
supertyuaagoodweather super
thfjkkkkkkkweatherkkkgfgn fantasy  fantasy 
weather
